<?xml version="1.0" encoding="UTF-8"?>
<!-- Generated by org.testng.reporters.JUnitXMLReporter -->
<testsuite hostname="LAPTOP-CT7IBV5D" ignored="1" name="Default test" tests="1" failures="0" timestamp="15 Oct 2018 13:42:47 GMT" time="1.963" errors="0">
  <testcase name="TC02_postRequestResponseRESTfulWebServiceTest" time="1.919" classname="com.qa.Webservices.TestCases.TC02_psotRequestResponseRESTfulWebService"/>
  <testcase name="TC01_postRequestResponseRESTfulWebServiceTest" time="0.0" classname="com.qa.Webservices.TestCases.TC02_psotRequestResponseRESTfulWebService">
    <ignored/>
  </testcase> <!-- TC01_postRequestResponseRESTfulWebServiceTest -->
</testsuite> <!-- Default test -->
