<?xml version="1.0" encoding="UTF-8"?>
<testng-results skipped="0" failed="0" ignored="1" total="2" passed="1">
  <reporter-output>
  </reporter-output>
  <suite name="Default suite" duration-ms="1963" started-at="2018-10-15T13:42:45Z" finished-at="2018-10-15T13:42:46Z">
    <groups>
    </groups>
    <test name="Default test" duration-ms="1963" started-at="2018-10-15T13:42:45Z" finished-at="2018-10-15T13:42:46Z">
      <class name="com.qa.Webservices.TestCases.TC02_psotRequestResponseRESTfulWebService">
        <test-method status="PASS" signature="SetUpTestCase()[pri:0, instance:com.qa.Webservices.TestCases.TC02_psotRequestResponseRESTfulWebService@68c4039c]" name="SetUpTestCase" is-config="true" duration-ms="9" started-at="2018-10-15T13:42:45Z" finished-at="2018-10-15T13:42:45Z">
          <reporter-output>
          </reporter-output>
        </test-method> <!-- SetUpTestCase -->
        <test-method status="PASS" signature="TC02_postRequestResponseRESTfulWebServiceTest()[pri:0, instance:com.qa.Webservices.TestCases.TC02_psotRequestResponseRESTfulWebService@68c4039c]" name="TC02_postRequestResponseRESTfulWebServiceTest" duration-ms="1919" started-at="2018-10-15T13:42:45Z" finished-at="2018-10-15T13:42:46Z">
          <reporter-output>
          </reporter-output>
        </test-method> <!-- TC02_postRequestResponseRESTfulWebServiceTest -->
      </class> <!-- com.qa.Webservices.TestCases.TC02_psotRequestResponseRESTfulWebService -->
    </test> <!-- Default test -->
  </suite> <!-- Default suite -->
</testng-results>
